bj
xcy
0
003
0531
0612
0614
08elec
09
090325
0906
09back
09gro
0a32f
0fficeupdate
0x557
0xgg
1
100fanwen
10kjd
111
1119
119
12
1212
1213
123
126
128
17f
198
19sal
1j
1ondon2012
1z
2
2007cins
201
2010
2010cyhk
2012-london
2012yearleft
20jordan
20new13
2fr
3
324
3366
3389pi
360
369
3gg
3gs
3m
3pma
3q
44d
4p
4rf9kiwr2
502
51hongling
56opsd2
5uf
6
6009
6gs
6k1
6k2
6r
723
7230
77
789
798
7zbiz
888
889
901
902
903
9119008
93jedp23
9999992003
9999992009
9999992011
9999992012
9ijhh45
a
a-ad
a-af
a-bne
a-cl
a-co
a-dl
a-ep
a-ex
a-fj
a-ga
a-gon
a-he
a-if
a-iho
a-ip
a-ja
a-jsm
a-ne
a-ol
a-pep
a-rdr
a-ri
a-uac
a-un
a-za
a-zx
a17
aa
aaa
aaa090bbb
aaaregonline
aaee
aaradmin
abc
abc69696969
abcd111103
abcd120226
abcd120719
abcmail
abcom
able
about
abs
access
accid
account
accounts
accountsgooglemail
acer
acess
aci
acj
acl
acountday
acro
acrobat
actionmc
activate
active
activelectronics
activetalk
ad
ad-fantasy
ad31
adb
add
add-on-update
addon-updates
addonupdate
address
adele
adgjlm
adman
admin
administrator
admins
adobe
adobe-update
adobe-upgrade
adobeafter
adobeflash-players
adobekr
adobesoftwareupdates
adobesupdate
adobesvr
adobeupdate
adomhn
ads
adsense
adsoft
adsupdate
adtkl
adtr
adv
advancedtool
advnotifier
aei
aeipfgfg
aero
aerospace
af
afbjz
afp
africa
africadb
agency125
agfi
agfire
agl
agma
ago
ags
agv-us
ahjhlk
ahmed9909
ahn
ahn03
ahn04
ahn05
ahn06
ahn07
ahnclient
ahnlab
ahnsd
ahnsdsy
aiai
aids
aiic
ailsa
ainfosec
aio
aion
air
airbus
airforce
airline
airmax-2013
airshow
airy
ais
ajaxcode
ajga
ak47
alal
alarm
alcan
alex
alexsanwomi
alexyama
ali
all
alldownloads
allnewsnet
allroot443
allroot446
allroot80
allshell
allstar
alr3ady
alreadytrue
alsia
also
alt
alta
alternate009
alumni
alupka
alyac
am
ama
amanda
amang
amaxgrp
amaze
amazing
amazombuy
amazon
americams
american
ameronglobal
amne
amos
amp
anakin129
analysis
anfoundation
angle
angleegg
anglo
anhei
aniu
anoniemvolmacht
anonserver
anonymous916
anonymousgermany
anti
anti-virus
antisvr
antivir
antivirtusbar
antivirup
antivirus
aobama
aol
aolserver
aotuo
ap
apa
apanku
apc
ape
apec
apejack
apekl
aphis
apkhome
apllo
aplyuibyahooapis
apnic
app
appinmen
apple
apple-com
apple12
appledns
applehost
applehostpoint
applejp
applelib120102
appletree
appleupdatecontrol
approach
apps
appserver
appsourse
appupdate
apss
aptalk
aquahot
ar
arbraresearch
architectisusa
ardo
areospace
ares
arf
argentinia
ari
arianespaces
arinc
armi
armordesigns
army
ars
arsenal
arsenal2
artical
article
as
asc
ascn
asd
asean
aseansec
asia
asia-economy
asis
asiv
askdrsears
askhome
asm
asp
aspn
assistant
asta
astone
asus
at
at453d
atc
atch
atexchug
ati
atk
atlas
atm
atmdzxgs
atomic
att
attoo1s
attwirelessnetwork
au
aurora-aero
ausa
auto
automotivewww
autopartsexpress
autopartsxml
autoseaman317
autowid
autowidge
autuo
av
ava
avadmin
avail
avast
avastupdate
avatarfanclub
avg
avg-us
avginternet
avira
aviraupdate
avl
away
awdc
axs
ayagent
ayfd
ayuisyahooapis
b
b1
b3fk
ba
babebobobone
baby
babybabygo
babybed
babyface
babysblessing
bacguarp
back
backg
backgm
backnec
backofficepower
backp
backto
backup
badlogictech
badnews
badnewsa
badnewsb
badnewsc
badnewsd
bae
baesystems
bagel
bagpacktravelling
bailiwick
baity
bak
baker
bakerhughes
balatarin
balattarin
balliwick
band
bangca
bangzi
bar
barackobama
barity
barry
barrybaker
base
basic
bate
battle
battleadmin
bauer
bav
bb
bbb
bbc
bbc-news
bbcmail
bbcnewes
bbconlines
bbcworld-news
bbee1
bbmnghn
bbs
bbsfu
bbw
bbzmail
bca
bcbtheory
bcc
bccmail
bcguard
bcproxy
bda
bdgs
bdxw
beauty
bech
bee
beelbg
beeltts
bei
beifen
beijingspring
bel
bella
bellamy
bellbuttons
bells-of-ireland
benevolentf
benzwitich
bester
bestgameone
bestgamethree
bestgametwo
bet
bethda
beyond198964
bf
bfym2
bg
bgt
bgtld
bh
bhbt
bhi
bhr-text123
bibest
bibi
big-america
bigbird
bigbra
bigbus
bigbuspool
bigdick
bigland
bigmeech69
bigtree
bike
bikefanclub
bilateral
billjohn
binary
bind
bing
bingassist
bingo
bio
bitcomet
bits
bjdarkddos
bk
bkav
bl
blabla4m
black
blackberry
blackjohn
blackleaf
blacksmith
blank
blankorder
blanky
blg
blog
blog2
blog2010
blogger
blogme
blogs
blogweb
blr
bluebird-restaurant
bluecreams
blueskyhere
bluesnow
blzhosts
bm
bm2
bmc
bmcmail
bmm
bmnew
bndy
bo
boat
bodmanlaw
bodyshowworld
boer
bojovegod
bomuls
bone
book
bookhand
booking
books
boot
bor
borcanos
botanict
botemail
bots
bourbon
boy
boy1
boy2
boy3
boy4
boy5
bphb
bqp
brandsons
braninfall
broad
broadband-hinet
bs
bsb
bsrat
bss
bswt
bsys
bt
btw
bubble
buffet
bugiend
built
bulksearch
bullet
bupasi
business
busytradeus
butitistrun
buy
buyer
buynewes
buytheworld
bvc
bw
bwd
by
by13
bybf
bygoogle
bygs
byid
byshell
c
c0mpany4u
c6c6
ca
caaid
cabcardinc
cablecomsolutions
cach
cache
cadfait
cafe
cai
cainformations
cald
calendar-space
call
calling4you
callofdutytdm3
calmrealm
camberinfo
canary
cao
caoliu
caomima
capcomfund
caps
capstone
capstonetrubine
capstoneturbine
captainsabertooth
car
card
care
careerchallenges
cargillnotice
carter
carzymask1
cascais
casey
casinoaffiliatepartners
casoccerclub
caspi-oilgas
castle
cat
cata
catie
catlovers25u
catt
caybloomearge
cb85
cbc
cbean
cbgs
cbs-video
cc
ccair
ccbard
ccc
cccam
ccdd1
ccqf
ccsukl
cdc
cdc-dept
cdcd
cdd
cdic
cdind
cdn
cdn1
ce
ce1
ce2
cecon
ceip
celtro
center
central
centralasia
cersrce
ces
cetv
cev
cfr
cg
cga
cgate
cgi
cgishell
cgy
cha
championpicture
chamus
channel
chaoba
charles-river
chaser
chat
checalla
check
checkerror
checkout
checkspeed
checkthisout
cheetah4u
chefcookte
chelsea
chemring-us
chen
chengxu
cherry
chiccounty
chick
chicken2011
child
chiquita-brands
chkpoint
chks
chq
christmas
chrome
chroniclesupport
chs
cht
chtdnsx
cia
cisco
cisco-database
cisco-inc
cisco001100
cisconline
ciscoserver
citrix
city
cj
cjames
cjinternet
cla
clamerword
class
classic
classnk
clauthose
clever
client
clientform
clienttreasury
climate
cliupdate
cloudone-opsource
cloudtechresearch
cloudy
club
cmart
cmd
cmdnetview
cmegroups
cmf
cmoa
cmp
cmxgrp
cn
cn2
cnd
cnn
cnote
co
coastnews
cobham
cobham-us
cobrapub
cockinside
coco
code
coderprojcet
codetesters
coffee
coffeeibus
cok
cokhi
col
collegememory
color
colustom2
com
coma
comb
comc
come
comehappy
comehelloworld
comeinshop
comfile
cominspiring
comm
comme
comment
committee
commonsense
communities-life
compa
company
compare
compasshelp
competitveedge
compfile
compu
computer
computers
comtech
comuni
con
conec
conference
config
confirme
conmisd
conn
connect
connected
connectproxy
connectsexy
consilium
consumeoy
contact
contactus
content
continuelogs
control
cooke
cool
coolhostingwebspace
coolsel
cooper
cooperjm
cooprise
cop
copy-machine
copyday
corepiper
corn
corp
corpus
count
cov
covclient
cow
cowboy
cp
cpear
cpnet
cpt
cpu
cpxrdtw
cr2p
cr3ator01
crab
craigstravelling
creditcard
crespo
cresy
crl
cronous
crowcatcher
crs
crsky
crumb
crvhostia
cryptoanalysis
cryptomerelease
crystalrepo
cs
csc
csfm
csicohelp
csis
cspkl
csr
css
csupp
ct
ctcb
ctcn
ctest
ctfk
cti
ctisk
ctisun
ctr
ctrl
ctx
ctx-na
cubbh
cultivr
culture
cultureacess
cultureinteraction
cums
current
currentnewsstore
cuv
cvn201102
cvnxus
cwe
cws
cxks
cy
cyca
cyhk
cyhk2008
cymdbd
cyt
d
d1
d2
d2ch
d2tp
d3
dad
dae4
dai
daily
dailymilitaryonline
dailymotion
dailyonline
daitou
dalikhammar
dance
dandan
danpos
dap
dark
dark132
darkrat5267
data
database
datacentrecd
datameta
datblizzard
date
dating
daub
daum
davidcar
davidcat
davidson
days
db
dbm
dbo
dcp
dcs
dd
dd521
ddd
ddfs
ddns
ddnsinfo
ddobagi
ddownload
ddss
ddyy
de
de-de
dean8090
deb
debian
debug
decipherment
deco
dedydns
deepcyber009
deepcyber2
def
default
defenceandsecurity
defense
defenselink
defensenewscast
delivery
dell
delphi
delphixiao
deltaairlines
deltadegger
demi
demossgroup
denismoble
depart
depingus
desk
df
dfg
dfgwerzc
dfnr6md
dfpasd
dgfk
dgrat
dhbbeahfdfb
dhcp
dhcp1
dhcp2
dhcpserver
dhy
diana
diasu
dig
diggfunny
digitalapp
digitalglobe
digitalupdate
digitooldeals
dimblogger
ding
dinostrike
dip
dir
direct
disaster
disk
ditor
divinepower
dj
djct
djones
dl0
dlgg
dlkl
dll
dlo
dmkoy
dmzone
dnd
dnf
dnke
dnn
dns
dns-login-security
dns-lookup
dns002
dns01
dns03
dns0778
dns0801
dns1
dns2
dns2mil
dns3
dnscache
dnsdns1
dnsdns2
dnsdns3
dnsdns4
dnsdns5
dnsdns6
dnsinfo
dnspoddwg
dnsport
dnsserver
dnssys
dnstrans
dnswithip
dnsxox
do
doc
doc-files
docin123
docs
docu
document
documents
dod
dodm
doe
doekl
dofus
doguy
doi
dol
domain
doman
domcon
donation
done
donload
donotdelete
doraemon
dosendit
dot
doubleman
dove
dowjonese
dowjs
down
down1
down2
downdossiersup
downfilesup
downlload
downloa
downloaad
download
downloadd
downloads
downlooad
downmicrisoft
downnload
downoad
downtimesupport
downupdate
dpflxcv
dpmail
dport
dppserver
dra
drag2008
dragonleave
drb
drc
dream
dreamlifes
drf
drinkwater
drizl
drknet
drs
drweb
dsagor
dsh
dst
dswriter
dt001
dt1
dt11
dtcmil
dtfx03
dtl
dtl6
dtzsh01
dtzsh4
dtzsh5
dtzsh6
dtzsh7
duba
dubbiewubbie
dugh
duke-energy
dushu
dustinbrown
dusting
dvn
dwnload
dx
dy
dydj
dyn
dyn2dns
dyn3dns
dyn612
dyna
dynam
dynamic
dyncojinf
dyndns
dynetic
dynetics
dyns
dynsbluecheck
dz
dzsp
e
ea
eadssupport
eaglesey
earth
earthl1nk
easternwind
easy
easyfindjoy
easyhost-ing
easymapquest
eatbeef
eb
ebaumsworld
ebooks
echapp
ecil
ecli-mxcdb
ecnet
ecnomic
ecoen
economic
ecp
edailychina
edc
eddcds34
edge-suite
edit
editer
edmo
edsplan
edu
edyang
ee
eeaa
eee
effort
eggfut
egypt
egypttv
eie
eight
eisidd
el
elca
elec
elem
elledu
els
email
emailcrypt
emailgov
emailsec
eminam
ems
en
enable
enby-1
enc
ender
energy
enetebookstore
engage
enghelp
england
enhs
enjoy
enjoyholidays
enlighten-energy
enom
enss
ent
entanglement
enteraiment
entertainment
entnews
entrebusiness
enty
enue
enum
envirbudsman
envisionman
eonceo
epi
epic
epicbot07
eplaybar
equiv
ericcounter
erights
ertoer
es
escan
esnucleus
espressoday
esri
essmnavy
est
et
etl
etnew
etrustalive
eu
eudns
eup
euro
europa
europaresearch
european
euser
eustock
eutelsat
events
ever
evilsoul
evitalcare
ewms
excel
exchange
exec2
exilehouse
exp0day
expand
explan
explorer
expo2010
eya
eye
ezservicecenter
ezyvalue
f
f-mi
f1
f1f
f4ck
face
faceboak
faceboktw
facebook
facebookupdate32
faces
faceslooks
faceto
fact
factiva
faculty
family
faq
faqs
fas2t
fasa
fashiongossip
fast
fast2
fastt
fasttrackagent
fasusda
fat
father
fbacoustics
fbi
fbi-ccci
fbi-hsc
fbi_ccci
fbiharry
fbkc
fbo-gov
fbooks
fburwell
fc
fci
fder
fdj
fdko
fe
feaceblog
feather
fed
fengzhizi715
ff
ffej
fff
fh
fhds
fher
fhh
fically
file
file-easy
files
filesassociate
filesconnect
filesforum
filetrusty
fileyp
fim
fin
finalcover
finance
financefull
financial
financial_times
find123
fineca
finekl
finger
fire
fireblue
firefox
fireloss
firesource
firewall
first
firstattack
fish
five
fkfc
fl
flash
flashcard
flat
flazingheaven
fldf
fldf2009
flet
flewflyinghome
flex
flight
flower
fly
flynec
flytree
fmcdnsx
fmcppi
fmi
fmp
fn
fngs
fni
fnpc
fo
fog
folder
follow-ship
football
footballmatchpreview
for
for1st
fordfoundation
fordoundation
foreign
foreignpolicy
forest-fire
form
fortnews43
foru
forum
foster
founder
four
foxnewslist
foxypredators
fp
fpdownload
fr
frag
france
free
free365day
freeaday
freeasianews
freeavg
freedns
freedom
freedream
freeextras
freeland
freenewscentre
freeslut
freestudents
freethrowline
friend
friends
frontpage
fs
fstl
fsw
ft
fths
ftp
ftpmicrosoft
ftproot
ftpsrv
fu
fuckbb
fuckdd
fuckit
fuckmm
fuj
fujitsu
fun
fund
funew
funnyvalley
funuk
fusion
futbolunivison
futurearti
futuresecret3
fuzzyfile
fwmo
fx
fy
fy2
fzr
g
g0-microsoft
g1
g20
g20news
g20russian
ga
gaca
gadgetscorner
gamble
game
gameby
gamegames
gameoverme
gameovershe
gameoveryou
games
gamesgames
gamess
gamezoneall
gami1
gamingservermc
gan1980
garde
garden
gasoft
gat
gateway
gatu
gauzpie
gb
gbf
gcgame
gde
gdhybrid
gdmg
gdocs
geetkculture
gege
gensuzuki
gensystem
geo
geoeyesat
geographicphotographer
geoinfo
germ
get
getfresh
getmegold
getnec
getport
gf
gfans
gg
ggg
ggggg
ggt
gh
ghj
ghlc
gho
ghome
gifas
gift
gike
gioinfo
girl1
girl2
girl3
girl4
girl5
gis
gjad
gjjb
gjjr
gl
gladland
glj
glk
global
globalknowledge
globalmailru
glogin
glx
glx80
gly
gm
gm1
gmail
gmail-images
gmail-int
gmail-register
gmail-servers
gms1
gn
gnoh
gnuvisor
go
go-jobs
gocentralnet
gocoolflash
god
godfried
godingnew
godson355
gofounder
gogo01
gogo02
gokgzw
gold
golden
goldman
golf
gom
goobypls
good
good001
goodday-yahoo
goodhost
goodhosta
goodhostb
goodhostc
goodhostd
goodingnew
goodluck
goodmongol
goodtv
google
google-active
google-ana1ytics
google-ap1
google-login
google-toolbar
googlebot1
googlebot2
googlebot3
googlebot4
googlebot5
googleclick
googlecustomers
googledns
googlegroup
googlehelper
googlehk
googleime
googlelinked
googlelist
googlemail
googlemail-login
googles
googleserv
googlesvr
googletechspt
googleupdate
googleupdateservice
googleupdating
googlleserver
gorush
gospreading
gostudyantivirus
gotourisma
gotowork
gov
govfree
govntrip
gr
grammercheckers
gratuite
great
greataf
greathorse
greatleader
green
greensky
greenutkegi
grid
grj
group
groupforall
gry
gs
gses
gsesweb
gsndomain
gt
gtalk
gtd1
gtd2
gtishare
gua
guage
guama
guanghua
guest
guhk
gui
guitar
gunlike
guns
gunz
guoike
gw
gws
gws01
gxo3
h
h1231
h20011
hack
hackinprograms101
hades
haha
hai
haiz
hakuna
hal
ham
hama
hamma
han
han01
hangoutgroups
hangoutshop
hangovergroup
hanmail
hanoihcm
hansoft
happy
happybehere
happyboy007
happynewyear
hardcore
hardwaregeeks
harm
harvard1
hash
hawkerbeechcraft
hcl
hdsdate
he
head
headin
headlines
health
healthcare
heartechnology
heavenaffiliates
heavengameshow
heike
hel
hello
help
helpchina
helpdesk
helpe
helper
helpname1
helpze
helshellfucde
henryclub
herbco
herbcolt
heritage-society
hermes-nas
hero
hers
hession0345
hession1
hessnews
hfmforum
hg
hgcurtain
hgui
hh
hhh
hhi
hhs
hi
hi5
hide
highcheap
hijack
hill
hilllove
hilopn
hinet-security
hinettotal
hint
hint1
hitachis
hitmanhf
hj
hjkl
hjl
hjxt
hk
hkfans
hkmj
hlagl
hlby
hll
hlp
hm
hmail
hoasen
holboo
holly
home
homeserver83
homeserverr
homeweb
honda
hongbee
hongling
hope
hos
hospital
host
host-stuff
host/domain
host01
host1
hostboot
hostlist
hostmypc
hostname
hosturl
hostweb
hot
hotaddress
hotbookspot
hotfix
hotgame
hotgirltvshow
hotma1l
hotmail
hotmailfetch
hotnews
house
hover-leo
how
hp
hpd
hq
hqcenter
hr
hrj
hrsy
hsome
hsoytsetlem
hsy
htc
htkg009
hts
http
http01
http80
https
htzx
hu
hua
huangma
huangxiaoxian
huffingtonpost
hughjackma
hukon01
hum
humanbeing2009
humanrightyahoo
humphrey
hun
hunger
hutton
hvtrbase
hwp
hy
hycoxcable
hyd
hz
i
i-cdn
i-dim
i1
i3
iabk
iad12s04-in-f10
iad23s02-in-f33
iamcoming
iat
ibm
ibmen
ibmintelearth
ibmmsg
ibmupdate
ibmweb
iccbhhjdgb
ici
icmp
ico
icom
icrc
ics
ictorgil2
idc
idds
idf
idgvc
idm-east-cox
idor
idsa
idsconline
ie
ieee
ieupdate
iexplorer
igac
igarss20l3
igenorri
igormorgulov
ihi
ihouse
ihs
ii
iii
iimachavelli
ijj
im
image
imageone
images
imagine-one
imail
imaps
imapupdate
imc
img
imginfo
imlang
imm
important
imps
in
in02
in3
inbha
incom
income
ind
indaf
index
india
india-space
india-us
indian
indiartc
indiawp
inet
inf
info
info1
infocardiology
infor
inforguide
information
informationfalun
infos
infosec
infoservices
infoteller
infoyahoo
infras
ingoogle
ingrammicro
inim
inin
inld
inly
inmailbase
inner
innovatorspool
inquirer
ins
insat
inside
insitucom
instanc
intblizzard
inte1sat
intel
intelantivirus
intelupdate
interfacet
interfexru
internal
internet
internoit
intranet
intweb
invest
iol
ip
ipack
ipad
ipbl5
ipc
ipcode
ipcs
ipgeobase
iphone
iphone4
iphone4ios
iphonesyslog
ipod
iprtinfo
ipsecupdate
iq00
ir
ira
irbtb1
irf
irisegs
irq
irsg
is
isa
iscu
islam
isp
isro
iss
istore
iswb
it
it-bar
it01
it02
itagov
itbp
iti
itin
itt
ituneupdatecentre
itvail
iyy
j
j1
j16hz
j6
jabber1
jack
jackinght
jackme1
jacksmith
jacksto
jacktoms
jackyandy
jamax
james
jap
japan
japan001
japan002
japan003
japanbaba
japanese
japantokyo
jas
jasdf
java
java-files
java1
java2
java9
javas
javaup
javaupdate
jax13
jaxa
jazzy02
jbei
jbyzc
jcar
jcarey1464
jcash192
jcie
jcrsoft
jd
jdxz
jedi2
jennahazelove
jennalove
jennifer98
jennifer998
jenny
jericho
jerryiop
jetjet
jetro
jfe
jfs
jg7
jggs
jhd
jhg
jhu
jiangmin
jimin
jimloveme
jimloveshe
jimloveyou
jingnan88
jis
jiss
jj
jj-desk
jjj
jke
jl
jlfy
jmark4040
jnj
job
job99online
jobcall
jobhunting123
jobster
jobtitle
joe
johnblack
joins
jokimdavis
jonathan
jones
jones609
jordan
jordon
joyfulhalloween
jp
jp2
jp3
jpathree
jpbayse
jpdain
jpdict
jpterms
jptwo
jpupdate
jrfw
jrgs
js
js001
jsc-nasa
jsh
jtf-lawfirm
jtt
jucy
juf
jul
juliy
july5
julyforth
jump
jun
junior
jupiter
jwt
jxsuyuisyahooapis
jy
jz
k
k01
k1
k1221
ka
kaba
kaka
kamtei
kanda
kapasikiav
kapersky
kapspasky
karen-millenoutlet
kaspersky
kaspersky-us
kasplab
kav
kawaya
kazbolg
kb1gs
kcarel
kdm
kefu
kernel
ketypary
keyboardhk
kfsinfo
khalistancalling
khi
kickingdruging
kicktick
kida
kieti
kikai
kiki
killerhost
killsec
king
king-kl
kinglove194918
kingwife
kis
kisomura
kiss
kissyou01
kita
kk
kkd
kkk
kl-care
kl-hqun
kl-knab
kl-mfa
kl-rfc
kl-rio
kl-veriz
klati
klbakerm
klbar
klbis
klcg
klecca
klenvi
kleu
kliee
kllhd
klmfat
klnrdc
klonki
klotp
klpiec
kluscc
klwest
kmd
kmnp
kmtl
knab
kndu
knight-quest
knnnbolke
ko
koa
kobel
kobelco
kobelcoback
kog
kohn
koko4w
kol
komnner
konamidata
kong
kongjian090731
koor
kor
korb
korea
korealovea
korealoveb
korealovec
korealoved
korealovee
koreamama
koreans
kortimes
kr
kr0927
kratosdefense
krv
krvineyard
ks
ks01
ksa
ksaa
ksap
kssa
ktds
ktry
kua
kulapupu
kungfu-panda
kv
kvnn
kvvn
kx
kxfjype
kyvis
kyzosune
l
l-3com
l3
l33ch3d
lab
labtest
lady
lais
lanblizzard
lance
land
laraminecraft
late
latecoere
laton
law
lawste
lawste2
lb
lbj
lda
lead
leanov
learn
led
led-professional-symposium
left
legendmemorys
lehnjb
leicesterhigh
lele
leno
lepad
letme
letplayit
lft
lge
lgn123
lh2
lhbf
lhgc
li
lib
liber
librarysnight
libre
lie
lifelogs
lightfive
lightfour
lightone
lightthree
lighttwo
like
likemeornot
linahargis
line
lingm
link
linkedin-blog
links
linkspectra
linux
linux-update
linuxforover
linuxsofta
linxauth
lisaijie
lisanew
list
lituite
liu
live
live-facebook
live-msn
livedoor
livesunshine
liveupdatesonline
ll
llex
lll
lllyyy
lm
lmco
ln
lo
loading
lobavan
lobster
localgroupnet
localhost
lockheedmartin
lodahelloworld
log
loggol
login
login-live
login-yahoo
logintal
logmastre
logo
logoff
logon
logonifty
logout
logs
lokia
lol
london
long
longer
longlong
longshadow
look
lookouta
lookoutb
lookoutc
loper
lopo1983
lops
loretta
loris778
lost
lostlove
lostself
louis
love
lovebaby
lovebabys
lovefree
lovehill
loveit
lovely
lovemybaobao
lover
loverose
loveu
lp
lpdomain
lps
lra
lsass
lsrv03
ltc
lthed
lu66064
luan
luck
luck-baby
luck-man
luck201202
luckmegame
luckmevnc
lucky
lucky-boy
luckygirl
lucy
luke
luo
lw
lwave
lwjttqlniekv
lx
lxb
ly
lynberrg
m
m1
m20
ma
ma1
ma2
mac
macbook
macfee
macfeefrane
macfeeonline
machine
macjhonz
macromedia
macrosoft
macsol
maf
maff
maff01
magazine
mai1ru
mail
mail-attachment
mail-info
mail-kr2
mail-login
mail-oceaneering
mail-ru
mail-service
mail1
mail2
mail91
mailbox
mailer-daemon-google
mailexchangecenter
mailftast
mailinfor
mailmn
mailru
mailruagent
mails
mailserver
mailsignin
mailsrv
mailyahoo
mailyahoocenter
mailyandexru
mailym
mailyuisyahooapis
mailyuiwyahooapis
main
mainpanel
makeup
makit
malay
mall
malware
malwarebytes
mamutu01
man
manage
management
manager
manchester
mangoday
mantech
mantech1
mantech2012
manufacturinggrowthing
maofajapa
map
maplesyrup
mapowr
maps
marche
mariacary
mark
markettaiwan
marryme
martcas
mas
masaingtom
mash
maths
matrix
matrixfanclub
max
maxtourguide
maya
mayen
mayman
mc
mcafee
mcca
mcicda
mciogn
mclean
mclmail-saic
mcr
mcserverblake
md
mdb
me
mea
meaofin
meat
media
mediapm
mediaupdate
meet
meeting
meetings
megamediafile
megavideopornonline
mei
meilan0501
meinvsp
meiove
member
memberd
memorys
memowm
menmin
mentinf
merax
merry
message
messenger
meta
metalimprovement
metecafeshow
method
mexchange
mf8
mfc
mg
mgclog
mgen
mgin
mgl
mgtfcayman
mi
miamiscandalflaw
micava
micoosofts
micr0soft
micro
microam
microcom
microcomputer
microdef
microdisk
microdyndns
microlink
microscft
microsoft
microsoft-com
microsoft-en
microsoft-help
microsoft-update
microsofta
microsoftb
microsoftc
microsoftca
microsoftdotweb
microsofte
microsoften
microsoftmse
microsoftofficeupdate
microsoftoldcl
microsoftsp3
microsoftupdate
microsoftupdated
microsoftwindowsupdateasia
microsoftwindowsupdateuk
microsoftze
microtrendsoft
microupdate
micrsoftware
midatest
midrums
mil
mildstone
mili
military
mility
milk
milnews
milsatcom
milstar
milstars
milw
mind
mindplat
minecrafthere
minet
mini
minzhu
mircbloger
mis
misc
misro
mistakeinfo
mit-edu
mitimy
mix
mixcabfy
mjik135
mko
mkplayer
ml-yk
mlog
mm
mmd
mmkklloo
mmm
mmofoojap
mmy
mn
mng
mnmail
mob
mobiappword
mobicom
mobile
mobileappworld
mobilesoftwaremanagement
mobiltechsoft
mobnetserver
mocafee
mod
mods
module
mof
mofa
moi
moit
moj
mol-government
molnews
momate
moment
mongol
mongolbaatar
mongoles
mongolia
monitorweb
monkey
monre
monu
moobesring
moon
mooner
mor
mos
mosfdns
mosglobe
mot
mother
mother1
mother10
mother2
mother3
mother4
mother5
mother6
mother7
mother8
mother9
motleycrue
moto
motor
motsoul
movie
moviefone
movienews
movies
mozilla
mp
mpe
mpt
mr
mrright
ms
ms11
msc
msdn
msdnblog
mseupdate
msf
msfiles
msfileshare
msgbox
msitron
mslib
msmail
msman
msn
msncache
msnet
msngroups
msnlifeliveupdate
msnmail
msnnewes
msnpassport
msnserver
msnsupport
msoftweb
msproduct
msupdate
mtc
mtv
muriodoce
music
musicawards
musicstars
mutuomubo
muy
mv
mvp
mw
mx
mx147
mxa
mxsa
my
myais
myblog-blog
mycici
mycount
mydear
mydiscoveryscreensavers
mydns
mydnshere
mydog
mydream
myfilestuff
myfw
mygoodbug
myieone
myiethree
myietwo
mylinux
mylion
myliveupdate
mymail
mymicrosoftmem
mymyntra
mynet
mynews
myown
mypay
mypi
myredirect
mysharpens
myspacenews
mysql
myturn
mywallstreet
mywork
myzone
myzones
mzk
n
n00b4u
n1
na
nachi
naclpro
nagoya
naimap
naliar
nam
namcodat
name
nameserver1
nameservers
namewho
nangua
naonao
narl
nas
nasa
nasaorg
natco1
natco2
natco3
natco4
nateon
national
nationalobm
naturalinter
nature
naupdate
nav
navair
nave
naver
navy
navy-grippaldi
navyair
nay
nb
nb3000
nba
ncaanews
ncc01
ncc02
nd
nda
ndbssh
ndc
ndi
ndia
ne
nec
nec001
nec01
nec02
necnec
nectecnoligy1
nedfortibt
needm
neo
neon2
neptune
nero
nesco
net
netbastthebash
netbios
netflixcenter
netkiller
netmosol
netthief
netwo
network
new
newamazingfacts
newback
newbee
newblog
newdyndns
newedi
newesyahoo
newfile
newhose
newihs
newin
newjerseyboy
newjobspro
newld
newmail
newnavigator
news
newsdaily
newsgdeep
newsgis
newsgroup
newsgroupupdate
newshappys
newslog
newsoft1
newsonet
newspace
newspaper
newsservice
newsstoryus
newstime
newstoday
newsyandex
newtibet
newwhitehouse
newyork
newyorkonlin
nexfin
nexoncorp
nexterchk
nf6
ngc
ngcc
ngl
ngng
nhc
nhk
nhns
nhs
nhs1
niak
nic
nidc
nifty-login
nifty-user
night
nikon
nine
nis
nitr0rac3
niu
njg
nkr
nkrme
nld
nlsec
nmci-isf
nn
nni
nnn
nnpkl
nobelpeaceprize
nod32
nod32de
nod32upsenter
nodns2
nono778899
nonoyesyes
nooonooo
noorno
nor
norton
nosnikta
notbook
notebook
notes
nothree
notify
nousage
nov
novelseller
nowcheap
np
np2
npns01
nprotects
nrfn
nry
ns
ns0
ns01
ns1
ns10
ns11
ns13
ns14
ns18
ns19
ns2
ns3
ns4
ns5
ns6
ns7
ns8
ns9
nsc
nsc01
nscinfo
nsctemp
nskupdate
nslsa
nspo
nsr
nsser
nssys
nt
ntdtv
nti-org
ntimobile
nts
ntsvr
ntuedu-tw
nuac
nucor001
nuk
nukenupdate
nunok
nuyoahz
nvidia
nvidiaupgrade
nx
nyhq
o
o1
oa
oat
oather
oayoahzfks
oba
oberaufseher
obi
object
ocasia
ocean
oceancirculation
oceanicworld
oceaninformation
offer
office
offices
officescan
officeskyline
officeupdate
officeupdatecontroler
officeupdated
offlinewebpage
oic
oil
ok
okok4o
ol
old
olga
oliveglobals
oliver
omagle
ome
omg
ominci
once
one
onefree
oneone
onestop-shops
onk
online
online-movies-free
onlinejilu
onlinestoreapp
onlinwebnews
onlysms
onscity
oo
ooo
op
ope
open
opendocs
openhostingtalk
openmofa
operation
opeseor
oport
oprea
option
oracle
oracledata
oras
orb
orca
orcalupdate
order
org
org1
origin
original3c
os
osamu
oscar0tree0
osfingerprint
osk
osmancomar
osservices
otc
other
otherp
otherten
out
outcome
outgateway
outlook
outlooklogin
outlookrevision
outlooks
outwit
ovl
owa
owl
owner
ozonerim
ozowarac
p
p0p3
packer
paddi
padma
paekl
page
pagead2
paigutang
pajerolive
pandoramusics
panel
pangu
pansenes
paoodd
paper
papers
papijohn
papper
park007
parrotcatcher
pars
parsons
pasco
pasldldld
patch
path
pattenclara
patty
pavel
pavel-001
pay
payse
pb
pbxes
pc
pcg
pch
pchome-shop
pcie
pcm
pcs
pcshare
pcx
pdate
pdf
pdoc
pe
peace
peaceful
peaceful003
peafb
peci
peddy
peninmu
penitenzieria
people
perfectxiong
peroillion
pet
petitions
petto
petty
pfreei
ph
phamtuan
phar
pharmamkting
phattai
phb
phi
philes
philippinedaily
phillipines
phinex127
phli
phnix
phono
photo
photopucketpp
photos
php
phpdns
phprotec
phpweb
pi
pic
picasa-album
pics
picshome
picture
pidc
piegauz
pigjsk
pigout
piljtp
pill
pimjtp
pin
pincus
pine
pingabm
pink
pinkfloyd
pinklover
pinkysexy
piping
pir
pirlo
pituite
pizf
pjhuedui
pk
pkg
pkspring
pl
pl0y
planning
play
playdd
player
playstation3
playstationjp
plog
plop
pls
plugin
pluginfacebook
plusheadlines
plusser
pma
pna
png
po
po20
poc
podding
podesta
poft
pofuyer
pokerfce
polat
polishhi
polly
ponez
pop
pop2
pop3
popandrockmusic
popcap
popgameshow
popkaka
popmusic
popo
popsectest
popular
pornstarjena
port
portal
portal-nps
portion
posere
post
postmaster
power
pozzp3
pp
ppc
ppi
pplove
ppp
ppszturn
ppt
prada
prc
prefix
premier
press
preter
preview
price
print
printer
pro
proc
product
products
programfiles
programmersheavengroup
programrtools
progress
projectx
protal
protect
protocol
proxy
proxy-google
proxydns01
proxydns02
prvidtr
ps
psr
pst
pstestnew
psy
ptfk
ptkstore
pto
pu
pub
public
publication
publicupdate
pubs
purpledaily
pvep
pvn
pvt
pwc
pwd
px
q
qa
qazwsxedc
qc
qcpeak
qd
qdnd
qf
qinetiq
qingwa
qinoo
qiye
qj
qldlmm
qlxm001
qnao
qpdosj
qpec
qq
qq-files
qqq
qqqqq
qqsk
qsgs
qsxfc
qsxfczjwz
qto
qtsofta
qtum
quantitech
quantum
querydll
queryinfo
quick
quiet
quizas
qwby
qwe
qwer
qwert
qwertyaaaa
r
r3gistration
r8052j
ra
ra1nru
rabb
racmania
radio
rae
ragsdale
ragsorter
ragster
ragstone
ragtag
rahardj
rahardja
rahasta
rahatsiz
rahimzade
rahinnahk
rahlfs
rahmah
rahmani
rahner
rahoitus
rahoja
rahudson
rain
rainscoat
rainsea
ramadi
ramail
ramb1er
rambler
rand
ranjbar
rao
rapidmixim2010
ras
rasmu
rat
rbcuser
rbi120
rbjg
rbny
rcs
rcx
rd
rdaccount
rdcorp
rdp
re-buke
readme
reak
real
realliveupdateserver
realliveupdatesever
rebirth
receive
recent
record
recycler
red
redforlinux
redgolfclub
redhat
redmil
refresh
reg
registrat
rehab
rel
relax
relay
release
reliablymails
religious
remote
ren
replicawatchessuper
report
report1
report2
report3
report4
reports
res
research
researcherzone
ret
retype
review
rewescanthgher
rf
rfa
rfanews
rfckl
rffi
rgin
rh
rice
right
right101
rihana
rim
ripper
rising
risingupdateshedule
ritownship
riyuku
rj
rj2
rj3
rja
rk
rmax
ro
rocket
rocket1
rocket2
rocket3
rocket4
rocketupper
rockingdevil
rockwellcollins
rodman2289
rok
roll
rolls-royce
root
ros
rose
ross977
rouj
rouji
roujicontrol
route
row
rp
rpc
rr
rrj
rrr
rrrrr
rss
rsut
rt
rtoo
rty
ru
ru001
rua
ruag
ruffbitch
ruicosta
rumail
rumbt
rus
rushappy
russia
russpace
rwchateau
rxo
s
s0ft
s0pp0rtdesk
s1
s2
s3
s3rv1c3s
s4
s5
s6
s7
sa
saboresnativos
sac
sadbird72
safebyeak
safecheck
sag
sai
saint
sales
saltlakenews
samalulu
samer77
san
sandiego
sandxhp
sane
sanj
sanj01
sanjian
santa10
sap
sapp
sapudg
sat
sat-corp
sata
satelliteclub
satem71
sauew
sav
savagecounty
saveworld2012
sb
sb-1
sb8888
sbyl
sc
sca
scan
scc
school
sci
scientist
scind
scitencefd
scott
scottyt
scpkl
screen
scriptt
scrlk
sd
sd-2009
sd-2010
sdf
sdmsg
se
se7
sea
sea001
seaairs
seablow
sealand
searain
search
searchdultfriends
searchports
sec
secmicrosooo
secondattack
secuina
secure-copy
secure-s
securedmx
securedocx
security
secymail
sedp
sefinfo
sefsrv
seg
segaserv
segoviaftp
segoviaip
self
semang
sen
send
sendmsg
sendsh33p
seol
seoul001
seoul002
seoul003
seoul004
seoul005
seoul060329
seoul060330
seoul101
seoul102
seoul103
seoul104
seoul105
seoul106
seoul107
seoul108
seoul109
seoul110
seoul111
seoul112
seoul113
seoul114
seoul115
seoulsummit
ser
seracv
serial
serti
serv
serval
server
server1
server2
server721-hans
serveral
serverrr
service
serviceagent
servicelinux1
serviceofmfamail
services
services2011
ses
session
set
setting
setup
seven
sexinsex
sexy
seyuieyahooapis
sf
sffs
sfile-mclean-mitre
sg
sg-online
sg3appstore
sgad
sgedit
sgl
sh
sh3llypunk
sha
shadow
shadu
share
share-home
shell
shen
shen08
shenqi
shink-w
shinkhw
shinko
ship
shipping
shl
shop
shoperstock
shopie
shopingcard
shopingcenter
shopping
shoppingspawn
shortcut
shost
shot
shotacon
shou
shouji1
shouji10
shouji2
shouji3
shouji4
shouji5
shouji6
shouji7
shouji8
shouji9
show
shreadersupport
shuimengluosuo
shz
shzh
side
sidtemp
sign
signin
silence
silent
siling
sin
sina
sinasohu1
sinasohu2
since
singcoat
singes
singesnight
singlady
single
sisc
site
sixday
sixt
sk
sk2
skc
ske
skh
skier
skill
skinstorefree
skipfish
sklcenter
sknczrz
sksucc
sky
skyeye
skylarzone
skylie
skynet
skype
skype-register
skysportsview
sl
slicky
slideshare
slnoa
slrfc
slrj
sls
sm
sma
smackdownfanclub
small
smart
smart2011
smdc
smgs
smile
smm-hamburg-de
smooth
smtp
smurfprotection
sn
snakecelebration
sneaky
snew
snow
snowhataj
snowsmooth
snrp
social
sociapub
sodfoe
soedow
sofa
soft
softmini
softservices
software
softwaresupdates
softwareupdatevmware
sohhusb02
sohu
solar
sombreday
someone
sona
songs
sonificaton
sonoco
sope
sophos
sophosts
sorter
sosofunny2011
sosofunny2012
sosofunny2013
sosofunny2014
sosofunny2015
sosofunny2016
sosofunny2017
sotp
souhilo05
sounce
sourceinsightonline
southern
sp
sp1
spa
space
space-mars
spaceimage
spacenews
spaces
span
spas
spckl
spclass
spec
speci
special
sped0m00d
speech
speedaccelator
spieshow
spiritlog
spit113
spnoky
sport
sports
sports-interaction
sportsinfinite
sportsnews
sportswomen
spot
spx
spy
sql
squik
sra
sremx
sricpt2011
srv
srv001
srv01
srv91
srv911
srvmail
ss
ssa
sscdtt
ssee
ssftp
ssh
ssi
ssl
sslimg
sslupdate
sss
sssa
sst1
sstw
ssun
ssupdate
ssys
st
st01
staff
stamps
stans
star
star_co
starcrazerg
starf1sh
starmobilephones
starmobnetservice
starshome
starsoel
start
starwars
stat
state
static
statistics
stats
status
std
steel
stell
sting
stmp
stock
stone
stone101
stoneqwer
store
store-fb
story
strciapub
stream-media
streetlegal
stretcherservices
strgm
strnewgm
stsa
study
stulaw
stuwal
stweet
stx
su
subdomain
succ
succourtion
suck
sucursal-virtual
sudoku
sudra
sugar
sughosts
suho753
sum
sun
sunny
sunshine
suntop
supa
super
superhero
superkiller
superlinktec
superpennystock
supersolus
supertechnoclub
support
support-microsoft
support-office-microsoft
supportanswer
sur
surfacepad
surmang
sute
suzukigooogle
sv
svc
svchost
svf
svideo
svr010
sw
swiss
sword
swordhouse
swotm
swu
sybf
syesv
symantec
symantec-sync
symantech
symanteo
symbolic
syn
sync
synchronization
synpad
syp
sypris
sys
sysbloger
sysinfo
sysinfor
system
systeminfo
systems
systemupdate1
systemupdate5
systen
systom
systoolsonline
systoynlm
sysy
szcl
szwj
t
t1
t2010
t2011
t3
t99
tad
taejoo
tag
tainet
tak
talia
talk3366
talks
tance
tangjizhong1234
tank
tanxiao
tape
task
tastfine
tau
tauu
tbtaction
tbtculture
tbtwillwork
tbwm
tcc
tcgs
tchaland
tclient
tcp
tcpiah
tdfg
tdns
teach
teamware
tear
teas
tebit-newtwn
tech
tech1
tech2
tech3
tech4
tech5
tech6
tech7
technet
technology
telcom
tele
teledyne
teledynegroup
telnet
tem
temp
tempfy
tempsys
ten
tenblog
tent
tera
terna
test
test1
test2
testabcdyuisyahooapis
testbig
testcom
testcom1
testforxxx
tests
tet
tethys
tethys1
texc
text
tf
tfcorp
tfdmail
tg
tgca
th-cb
th-ks
th-te
th-tp1
th-y3
th1022
th1022f
tha
thai
thai_cambodia_clash
thale
thalesgroup
thawte
thbmotcr
thebest
thedailynewsheadline
theiridium
themoscowtimes-inc
thesaintflower
thezxcvasdf
thief
think
thinkvipopt
thirteen
thisoldguitar
thks
thn
tho
thomson
thop
three
threethree
thyeyes
thysea
tia
tib
tibet
tic
tica
tickets
tideochat
tier
tiger
timbaland
timchaland
time
timeforbeat
timelas
times
timetoplaythegame
timmf
tin
tine
tintint
tinywill
tinywill1
tinywill2
titan
titans
title
tkcht
tkfdnow
tkuedu-tw
tkv
tl
tl3
tls
tm
tmall
tmkstore
tmod
tmp
tnjs
tnv
toba
toch
tod
todaygonever
tokyo
tom
tomas
tomorrow
tomorrowforgood
tomsen
tomsondad
tomtang
tools
toornt
top
topkl
topmoney
topnews
toray
torchtechnologies
toroy
toto
tour
touristinf
tow3r
toy
toya
tp
tpn
tport
tps
tpy
tqsj
tr
trade
tradesshowreports
traffic
train
trains
trans
transfer
translate
trap
trasul
travel
traveluo
trb
tree
trend
trend-mico
trend-srv
trendantivirus-lab
trendmicro-update
trendmicros
trends
tri
trip
triu
tro2
truckonlinespec
true
trust
trustworthyinfo
ts2
tsa
tsc
tsd
tsl
tst
tsx
tt
ttbc
tti
ttl
ttt
tttt
ttupdate
ttx
tty
ttyt
tuantu
tuav
tulip
tunnel
tuoguan
tuoguanjava
tupsxms
tuv
tv
tvsion
tw
tw2
twa
tweb
twiiter
twit
twitter
twitter-register
twitters
twlog
twmofa
twn
two
twothree
twotwo
twsrv
twtw
tx
txt
ty
tycoo2012
tyoms
typh00n
tz
tzcl
tzsjdw
u
u1
ubuntusofta
ud03
udate
udp
udpate
udpudp1
udpudp2
udpudp3
udpudp4
udpudp5
udpudp6
uefafifa
ug-aaon
ug-rj
ui
uiop
ujheadph
uk
ukon
ukupdate
ultravpn
un
unesco
unfc
unhq
uni
unicefco
unicefsports
union
unix
unknow
unlkmwvzvekl
unog
up
upa
upate
upb
upc
updaate
updae
updaet
updata
update
update-onlines
update1
update3
updated
updatedns
updatee
updateinfor
updatenews
updateo
updatepack
updater
updates
updatestream
updating
updatte
upddate
updete
updeto
updte
upgrade
upgrading
upload
uppdate
ups
urgmsec
uripok
urs
ursorg
us
us-pacific
us0223
us2
us3appstore
usa
usababa
usagovwww
usarl
usarm
usc
uscc
uscom
use1
use2
usea
user
userinfo
userinit
userlog
users
uskoreainstitute
usmc
usmirocomney
usna
usnaa
usnb
usrts
ussa1
ussa2
utsuku
uu
uudog
uupdate
uur
uuu
ux
uy
uyghurcongress
uyghurhero
uzper
v
v-share
v3net
va
vababy
vale
valen
valid
vall3y
value
vcustody
veri-sign
version
versiontt
viasat
vic
victorious
video
videos
videosexgame
viet
vietkey
vietlex
vietn
vietnam
viett
view
viki
vip
vip-webmail
vip2
viplenta
vipmailru
viprambler
vipreclod
vipuser
vipyandex
virus
vis
visordan
vista
visualnews
vit
vlagimir
vm
vmwaresupportcenter
vn
vnagency
vnet
vnn
vnpt
voa
voanews
vockl
vod
vodafoneupdate
vodatone
voice
vol
voler
volume
voomusic
voov
vope
voxadwww
vpn
vpnng
vpnwork
vport
vps
vs
vst
vstrend
vtc
vth
vtt
vupdate
vv
vvfjs
vvit
vvv
vwindowsupdate
vxea
w
w3c
w3w
w53
wagner
wagoo
wakawaka
wakka
wal
walk
walson
walste
walt
wang
wap
warfire
warm
warnews
was
wasa
washsq
wat
water
wave
wayi
wazaka
wbjs
wcl
wdxiulian
we
we-tour
wea
wearwellgarments
weather
web
web-ex
web-mail-services
web01
web03
web1
webacc
webblogs
webcus
webdata
webdesignyourlife
webfilestore
webgame
webimg
webjavaupdate
webknb
webl
weblog
webloginstanford
weblogs
webm
webmaff
webmail
webmail-earthlink
webmail-login
webmail-mei
webmailaccountservicemail
webmailcentre
webmailnic
webmicrosoftupdate
webnews
webox
webplus
webs
webserver
website
webster
webwork
wec
wed
wedalognow
wedding
week
wei
weibo03
weile3322a
weile3322b
welder
wer
west
west1
westjoe
westking
westnew
weststock
wf
wgame
wh
what
whatsnew
white
whitehouseinfo
whitepaper
whl
who
whocare
whoiampw
whois
whostmrage
whotgame
wi
width
wieldbumpy
wifi
wifidns
wiki
wikileaks
wikipedia
will
wills
win
win-xp
win2000
win2003
win7
win98
win9isme
wind
windows
windows-liveupdate
windows2008
windowsliveupdatecache
windowsnine
windowsupdate
windowsupdated
wing
wings
winhelp
winibmupdate
winlogon
winnt
wins
winsdate
winserver
winsoftos
winssl
winsupdate
winup
winupdate
winvc
winwordupdate
wiredipedia
wisseurope
wizsplit
wj
wk
wkl
wkrznucqx
wl
wlohman
wm
wmail
wmw
wnet
wnzptnq
wocaotama
wod
wog
wogawoga
wolf001
wolfensteinx
wolfkilin
wollut
womanizer
women
wondersofworld
woo
wor
word
wordhole
wordpress
work
workerisgood
working
workingouta
workingoutb
workingoutc
workingoutd
workstation
world
worldcitycenter
worldclassvisition
worldcup2010
worldmaprsh
worldnews
worldread
worldsecuritys
worldtourismnews
worldview
worldwide
woskagz
wot
wow
wowo
woyaofanwen
woz
wozniazhn
wpfmacfei
wpi
wpo
wpot
wpvn
wreckmove
ws
wsaport
wsn
wsnwsn
wstat
wsx
wsxg
wsyggfw
wt
wupload
wuwebv
wux
wv
wvsolution
wvv
ww
ww2
ww35
wwab
wwi
www
www-cdn
www0
www1
www2
www3
www4
www5
www7
wwwcb
wwww
wxpb
wz
x
x-fmg
x1
x5ms1
x64
xc
xd0223
xderopp
xdl
xdrb
xhppxdl
xhpsakura
xhz
xi
xia
xiaoyuyouyou
xin46
xing
xinxin20080628
xishuai
xizi
xj
xjg
xjgs
xkgs
xl
xlogin
xly
xm
xm1119
xmahone
xman
xmh
xml
xmlflash
xn
xophophore
xor
xp
xp1
xpi
xpp
xread10821
xsisfx
xsouls
xssky
xszp
xt
xtap
xu3mask
xutn
xv
xvie
xwclient
xx
xxoo
xxx
xxx01
xxxyou
xyrn998754
xyz
y
y3
ya
yaa
yacooll
yah00
yaho
yaho0o
yahoo
yahoo-configmail
yahoo-help
yahoo-mx
yahoo-user
yahoo1
yahoo2
yahoo2012
yahooair
yahoocom
yahoogroup
yahoohelp
yahooinfo
yahooinform
yahooip
yahoomail
yahoomail-images
yahoomail-inc
yahoomarks
yahoomessenger
yahoomit
yahooprotect
yahoorigist
yahooserv
yahooserver
yahooupdate
yahuy
yakz
yale
yandex
yangdex
yanndexru
yb
ycbackap
ycumil
yeahbaby
yeahyeahyeahs
yekchekeelm
yellowblog
yg
ygfk
ygh
ygly
yhc3
yhcl
yhjkoiu
yhkj
yick
ykcai
ykcailostself
ykcainobody
yl
ymail
yn
ync
ynd
yne
ynet
ynhgs
ynmv
yns
ynsc
yo
yohaa
yok
yonex
yote
you-post
youandme
young03
youord
yours
youth
youturbe
youzzsun
yq
yqbf
yqld
ysb
ytch
yturn
yuanli
yue
yuiwyahooapis
yunso
yv51
yvj1
yy
yycc
yycvrd
yys
yyy
yz
z
z0325
za
zaodaowo
zc
zchat
zendossier
zeng
zerghelloworld
zeusagency
zg
zhangmm
zhj
zhjcp
zhjld
zhjsx
zhost
zhou
zhousafe
zhouweb
zijiy
zing
zipsource
zj
zj11231
zjz
zjzt
zm
zmail1
zmail2
zn
znew
zold
zolipas
zone
zonfile
zoomdirty
zor
zrn
zsm
zt
zts
zx
zxc
zxl
zxm
zxsh
zy
zyxel
zz
zzsoft
zzyykk
zzz
